2019-07-01 10:35:39,146 INFO  LargeBarrelWaterApplication:50 -Starting LargeBarrelWaterApplication on DESKTOP-KJ6U2VS with PID 27704 (D:\javaDir\large_barrel_water\target\classes started by duoduo in D:\javaDir\large_barrel_water)
2019-07-01 10:35:39,153 INFO  LargeBarrelWaterApplication:650 -The following profiles are active: product
2019-07-01 10:35:39,583 INFO  RepositoryConfigurationDelegate:126 -Bootstrapping Spring Data repositories in DEFAULT mode.
2019-07-01 10:35:39,594 INFO  RepositoryConfigurationDelegate:182 -Finished Spring Data repository scanning in 7ms. Found 0 repository interfaces.
2019-07-01 10:35:39,781 INFO  PostProcessorRegistrationDelegate$BeanPostProcessorChecker:330 -Bean 'org.springframework.ws.config.annotation.DelegatingWsConfiguration' of type [org.springframework.ws.config.annotation.DelegatingWsConfiguration$$EnhancerBySpringCGLIB$$9a202192] is not eligible for getting processed by all BeanPostProcessors (for example: not eligible for auto-proxying)
2019-07-01 10:35:39,831 INFO  AnnotationActionEndpointMapping:236 -Supporting [WS-Addressing August 2004, WS-Addressing 1.0]
2019-07-01 10:35:39,847 INFO  PostProcessorRegistrationDelegate$BeanPostProcessorChecker:330 -Bean 'org.springframework.transaction.annotation.ProxyTransactionManagementConfiguration' of type [org.springframework.transaction.annotation.ProxyTransactionManagementConfiguration$$EnhancerBySpringCGLIB$$f5885c93] is not eligible for getting processed by all BeanPostProcessors (for example: not eligible for auto-proxying)
2019-07-01 10:35:40,012 INFO  TomcatWebServer:90 -Tomcat initialized with port(s): 10010 (http)
2019-07-01 10:35:40,021 INFO  Http11NioProtocol:173 -Initializing ProtocolHandler ["http-nio-10010"]
2019-07-01 10:35:40,028 INFO  StandardService:173 -Starting service [Tomcat]
2019-07-01 10:35:40,028 INFO  StandardEngine:173 -Starting Servlet engine: [Apache Tomcat/9.0.21]
2019-07-01 10:35:40,148 INFO  [/]:173 -Initializing Spring embedded WebApplicationContext
2019-07-01 10:35:40,149 INFO  ContextLoader:283 -Root WebApplicationContext: initialization completed in 969 ms
2019-07-01 10:35:40,247 INFO  HikariDataSource:110 -HikariPool-1 - Starting...
2019-07-01 10:35:40,340 INFO  HikariDataSource:123 -HikariPool-1 - Start completed.
2019-07-01 10:35:40,375 INFO  LogHelper:31 -HHH000204: Processing PersistenceUnitInfo [
	name: default
	...]
2019-07-01 10:35:40,430 INFO  Version:46 -HHH000412: Hibernate Core {5.3.10.Final}
2019-07-01 10:35:40,431 INFO  Environment:213 -HHH000206: hibernate.properties not found
2019-07-01 10:35:40,527 INFO  Version:49 -HCANN000001: Hibernate Commons Annotations {5.0.4.Final}
2019-07-01 10:35:40,657 INFO  Dialect:157 -HHH000400: Using dialect: org.hibernate.dialect.MySQL5Dialect
2019-07-01 10:35:40,810 INFO  LocalContainerEntityManagerFactoryBean:415 -Initialized JPA EntityManagerFactory for persistence unit 'default'
2019-07-01 10:35:40,962 INFO  ThreadPoolTaskExecutor:171 -Initializing ExecutorService 'applicationTaskExecutor'
2019-07-01 10:35:40,981 WARN  JpaBaseConfiguration$JpaWebConfiguration$JpaWebMvcConfiguration:225 -spring.jpa.open-in-view is enabled by default. Therefore, database queries may be performed during view rendering. Explicitly configure spring.jpa.open-in-view to disable this warning
2019-07-01 10:35:41,025 WARN  ThymeleafAutoConfiguration$DefaultTemplateResolverConfiguration:105 -Cannot find template location: classpath:/templates/ (please add some templates or check your Thymeleaf configuration)
2019-07-01 10:35:41,119 INFO  Http11NioProtocol:173 -Starting ProtocolHandler ["http-nio-10010"]
2019-07-01 10:35:41,135 INFO  TomcatWebServer:202 -Tomcat started on port(s): 10010 (http) with context path ''
2019-07-01 10:35:41,138 INFO  LargeBarrelWaterApplication:59 -Started LargeBarrelWaterApplication in 2.343 seconds (JVM running for 4.562)
2019-07-01 11:40:02,158 INFO  LargeBarrelWaterApplication:50 -Starting LargeBarrelWaterApplication on DESKTOP-KJ6U2VS with PID 25036 (D:\javaDir\large_barrel_water\target\classes started by duoduo in D:\javaDir\large_barrel_water)
2019-07-01 11:40:02,165 INFO  LargeBarrelWaterApplication:650 -The following profiles are active: product
2019-07-01 11:40:02,595 INFO  RepositoryConfigurationDelegate:126 -Bootstrapping Spring Data repositories in DEFAULT mode.
2019-07-01 11:40:02,609 INFO  RepositoryConfigurationDelegate:182 -Finished Spring Data repository scanning in 9ms. Found 0 repository interfaces.
2019-07-01 11:40:02,799 INFO  PostProcessorRegistrationDelegate$BeanPostProcessorChecker:330 -Bean 'org.springframework.ws.config.annotation.DelegatingWsConfiguration' of type [org.springframework.ws.config.annotation.DelegatingWsConfiguration$$EnhancerBySpringCGLIB$$6b846386] is not eligible for getting processed by all BeanPostProcessors (for example: not eligible for auto-proxying)
2019-07-01 11:40:02,830 INFO  AnnotationActionEndpointMapping:236 -Supporting [WS-Addressing August 2004, WS-Addressing 1.0]
2019-07-01 11:40:02,852 INFO  PostProcessorRegistrationDelegate$BeanPostProcessorChecker:330 -Bean 'org.springframework.transaction.annotation.ProxyTransactionManagementConfiguration' of type [org.springframework.transaction.annotation.ProxyTransactionManagementConfiguration$$EnhancerBySpringCGLIB$$c6ec9e87] is not eligible for getting processed by all BeanPostProcessors (for example: not eligible for auto-proxying)
2019-07-01 11:40:03,027 INFO  TomcatWebServer:90 -Tomcat initialized with port(s): 10010 (http)
2019-07-01 11:40:03,036 INFO  Http11NioProtocol:173 -Initializing ProtocolHandler ["http-nio-10010"]
2019-07-01 11:40:03,044 INFO  StandardService:173 -Starting service [Tomcat]
2019-07-01 11:40:03,045 INFO  StandardEngine:173 -Starting Servlet engine: [Apache Tomcat/9.0.21]
2019-07-01 11:40:03,172 INFO  [/]:173 -Initializing Spring embedded WebApplicationContext
2019-07-01 11:40:03,172 INFO  ContextLoader:283 -Root WebApplicationContext: initialization completed in 974 ms
2019-07-01 11:40:03,267 INFO  HikariDataSource:110 -HikariPool-1 - Starting...
2019-07-01 11:40:03,345 INFO  HikariDataSource:123 -HikariPool-1 - Start completed.
2019-07-01 11:40:03,374 INFO  LogHelper:31 -HHH000204: Processing PersistenceUnitInfo [
	name: default
	...]
2019-07-01 11:40:03,412 INFO  Version:46 -HHH000412: Hibernate Core {5.3.10.Final}
2019-07-01 11:40:03,413 INFO  Environment:213 -HHH000206: hibernate.properties not found
2019-07-01 16:58:40,664 INFO  LargeBarrelWaterApplication:50 -Starting LargeBarrelWaterApplication on DESKTOP-KJ6U2VS with PID 26068 (D:\javaDir\large_barrel_water\target\classes started by duoduo in D:\javaDir\large_barrel_water)
2019-07-01 16:58:40,669 INFO  LargeBarrelWaterApplication:650 -The following profiles are active: product
2019-07-01 16:58:41,111 INFO  RepositoryConfigurationDelegate:126 -Bootstrapping Spring Data repositories in DEFAULT mode.
2019-07-01 16:58:41,154 INFO  RepositoryConfigurationDelegate:182 -Finished Spring Data repository scanning in 38ms. Found 1 repository interfaces.
2019-07-01 16:58:41,358 INFO  PostProcessorRegistrationDelegate$BeanPostProcessorChecker:330 -Bean 'org.springframework.ws.config.annotation.DelegatingWsConfiguration' of type [org.springframework.ws.config.annotation.DelegatingWsConfiguration$$EnhancerBySpringCGLIB$$f18c6186] is not eligible for getting processed by all BeanPostProcessors (for example: not eligible for auto-proxying)
2019-07-01 16:58:41,379 INFO  AnnotationActionEndpointMapping:236 -Supporting [WS-Addressing August 2004, WS-Addressing 1.0]
2019-07-01 16:58:41,397 INFO  PostProcessorRegistrationDelegate$BeanPostProcessorChecker:330 -Bean 'org.springframework.transaction.annotation.ProxyTransactionManagementConfiguration' of type [org.springframework.transaction.annotation.ProxyTransactionManagementConfiguration$$EnhancerBySpringCGLIB$$4cf49c87] is not eligible for getting processed by all BeanPostProcessors (for example: not eligible for auto-proxying)
2019-07-01 16:58:41,570 INFO  TomcatWebServer:90 -Tomcat initialized with port(s): 10010 (http)
2019-07-01 16:58:41,581 INFO  Http11NioProtocol:173 -Initializing ProtocolHandler ["http-nio-10010"]
2019-07-01 16:58:41,589 INFO  StandardService:173 -Starting service [Tomcat]
2019-07-01 16:58:41,589 INFO  StandardEngine:173 -Starting Servlet engine: [Apache Tomcat/9.0.21]
2019-07-01 16:58:41,717 INFO  [/]:173 -Initializing Spring embedded WebApplicationContext
2019-07-01 16:58:41,717 INFO  ContextLoader:283 -Root WebApplicationContext: initialization completed in 1014 ms
2019-07-01 16:58:41,828 INFO  HikariDataSource:110 -HikariPool-1 - Starting...
2019-07-01 16:58:41,916 INFO  HikariDataSource:123 -HikariPool-1 - Start completed.
2019-07-01 16:58:41,950 INFO  LogHelper:31 -HHH000204: Processing PersistenceUnitInfo [
	name: default
	...]
2019-07-01 16:58:41,993 INFO  Version:46 -HHH000412: Hibernate Core {5.3.10.Final}
2019-07-01 16:58:41,994 INFO  Environment:213 -HHH000206: hibernate.properties not found
2019-07-01 16:58:42,082 INFO  Version:49 -HCANN000001: Hibernate Commons Annotations {5.0.4.Final}
2019-07-01 16:58:42,204 INFO  Dialect:157 -HHH000400: Using dialect: org.hibernate.dialect.MySQL5Dialect
2019-07-01 16:58:42,610 WARN  ExceptionHandlerLoggedImpl:27 -GenerationTarget encountered exception accepting command : Error executing DDL "create table order (id bigint not null auto_increment, bind_phone_number varchar(255) not null, create_time varchar(255), primary key (id)) engine=MyISAM" via JDBC Statement
org.hibernate.tool.schema.spi.CommandAcceptanceException: Error executing DDL "create table order (id bigint not null auto_increment, bind_phone_number varchar(255) not null, create_time varchar(255), primary key (id)) engine=MyISAM" via JDBC Statement
	at org.hibernate.tool.schema.internal.exec.GenerationTargetToDatabase.accept(GenerationTargetToDatabase.java:67) ~[hibernate-core-5.3.10.Final.jar:5.3.10.Final]
	at org.hibernate.tool.schema.internal.AbstractSchemaMigrator.applySqlString(AbstractSchemaMigrator.java:559) ~[hibernate-core-5.3.10.Final.jar:5.3.10.Final]
	at org.hibernate.tool.schema.internal.AbstractSchemaMigrator.applySqlStrings(AbstractSchemaMigrator.java:504) ~[hibernate-core-5.3.10.Final.jar:5.3.10.Final]
	at org.hibernate.tool.schema.internal.AbstractSchemaMigrator.createTable(AbstractSchemaMigrator.java:277) ~[hibernate-core-5.3.10.Final.jar:5.3.10.Final]
	at org.hibernate.tool.schema.internal.GroupedSchemaMigratorImpl.performTablesMigration(GroupedSchemaMigratorImpl.java:71) ~[hibernate-core-5.3.10.Final.jar:5.3.10.Final]
	at org.hibernate.tool.schema.internal.AbstractSchemaMigrator.performMigration(AbstractSchemaMigrator.java:207) ~[hibernate-core-5.3.10.Final.jar:5.3.10.Final]
	at org.hibernate.tool.schema.internal.AbstractSchemaMigrator.doMigration(AbstractSchemaMigrator.java:114) ~[hibernate-core-5.3.10.Final.jar:5.3.10.Final]
	at org.hibernate.tool.schema.spi.SchemaManagementToolCoordinator.performDatabaseAction(SchemaManagementToolCoordinator.java:183) ~[hibernate-core-5.3.10.Final.jar:5.3.10.Final]
	at org.hibernate.tool.schema.spi.SchemaManagementToolCoordinator.process(SchemaManagementToolCoordinator.java:72) ~[hibernate-core-5.3.10.Final.jar:5.3.10.Final]
	at org.hibernate.internal.SessionFactoryImpl.<init>(SessionFactoryImpl.java:310) ~[hibernate-core-5.3.10.Final.jar:5.3.10.Final]
	at org.hibernate.boot.internal.SessionFactoryBuilderImpl.build(SessionFactoryBuilderImpl.java:467) ~[hibernate-core-5.3.10.Final.jar:5.3.10.Final]
	at org.hibernate.jpa.boot.internal.EntityManagerFactoryBuilderImpl.build(EntityManagerFactoryBuilderImpl.java:939) ~[hibernate-core-5.3.10.Final.jar:5.3.10.Final]
	at org.springframework.orm.jpa.vendor.SpringHibernateJpaPersistenceProvider.createContainerEntityManagerFactory(SpringHibernateJpaPersistenceProvider.java:57) ~[spring-orm-5.1.8.RELEASE.jar:5.1.8.RELEASE]
	at org.springframework.orm.jpa.LocalContainerEntityManagerFactoryBean.createNativeEntityManagerFactory(LocalContainerEntityManagerFactoryBean.java:365) ~[spring-orm-5.1.8.RELEASE.jar:5.1.8.RELEASE]
	at org.springframework.orm.jpa.AbstractEntityManagerFactoryBean.buildNativeEntityManagerFactory(AbstractEntityManagerFactoryBean.java:390) ~[spring-orm-5.1.8.RELEASE.jar:5.1.8.RELEASE]
	at org.springframework.orm.jpa.AbstractEntityManagerFactoryBean.afterPropertiesSet(AbstractEntityManagerFactoryBean.java:377) ~[spring-orm-5.1.8.RELEASE.jar:5.1.8.RELEASE]
	at org.springframework.orm.jpa.LocalContainerEntityManagerFactoryBean.afterPropertiesSet(LocalContainerEntityManagerFactoryBean.java:341) ~[spring-orm-5.1.8.RELEASE.jar:5.1.8.RELEASE]
	at org.springframework.beans.factory.support.AbstractAutowireCapableBeanFactory.invokeInitMethods(AbstractAutowireCapableBeanFactory.java:1837) ~[spring-beans-5.1.8.RELEASE.jar:5.1.8.RELEASE]
	at org.springframework.beans.factory.support.AbstractAutowireCapableBeanFactory.initializeBean(AbstractAutowireCapableBeanFactory.java:1774) ~[spring-beans-5.1.8.RELEASE.jar:5.1.8.RELEASE]
	at org.springframework.beans.factory.support.AbstractAutowireCapableBeanFactory.doCreateBean(AbstractAutowireCapableBeanFactory.java:593) ~[spring-beans-5.1.8.RELEASE.jar:5.1.8.RELEASE]
	at org.springframework.beans.factory.support.AbstractAutowireCapableBeanFactory.createBean(AbstractAutowireCapableBeanFactory.java:515) ~[spring-beans-5.1.8.RELEASE.jar:5.1.8.RELEASE]
	at org.springframework.beans.factory.support.AbstractBeanFactory.lambda$doGetBean$0(AbstractBeanFactory.java:320) ~[spring-beans-5.1.8.RELEASE.jar:5.1.8.RELEASE]
	at org.springframework.beans.factory.support.DefaultSingletonBeanRegistry.getSingleton(DefaultSingletonBeanRegistry.java:222) [spring-beans-5.1.8.RELEASE.jar:5.1.8.RELEASE]
	at org.springframework.beans.factory.support.AbstractBeanFactory.doGetBean(AbstractBeanFactory.java:318) [spring-beans-5.1.8.RELEASE.jar:5.1.8.RELEASE]
	at org.springframework.beans.factory.support.AbstractBeanFactory.getBean(AbstractBeanFactory.java:199) [spring-beans-5.1.8.RELEASE.jar:5.1.8.RELEASE]
	at org.springframework.context.support.AbstractApplicationContext.getBean(AbstractApplicationContext.java:1105) [spring-context-5.1.8.RELEASE.jar:5.1.8.RELEASE]
	at org.springframework.context.support.AbstractApplicationContext.finishBeanFactoryInitialization(AbstractApplicationContext.java:867) [spring-context-5.1.8.RELEASE.jar:5.1.8.RELEASE]
	at org.springframework.context.support.AbstractApplicationContext.refresh(AbstractApplicationContext.java:549) [spring-context-5.1.8.RELEASE.jar:5.1.8.RELEASE]
	at org.springframework.boot.web.servlet.context.ServletWebServerApplicationContext.refresh(ServletWebServerApplicationContext.java:140) [spring-boot-2.1.6.RELEASE.jar:2.1.6.RELEASE]
	at org.springframework.boot.SpringApplication.refresh(SpringApplication.java:742) [spring-boot-2.1.6.RELEASE.jar:2.1.6.RELEASE]
	at org.springframework.boot.SpringApplication.refreshContext(SpringApplication.java:389) [spring-boot-2.1.6.RELEASE.jar:2.1.6.RELEASE]
	at org.springframework.boot.SpringApplication.run(SpringApplication.java:311) [spring-boot-2.1.6.RELEASE.jar:2.1.6.RELEASE]
	at org.springframework.boot.SpringApplication.run(SpringApplication.java:1213) [spring-boot-2.1.6.RELEASE.jar:2.1.6.RELEASE]
	at org.springframework.boot.SpringApplication.run(SpringApplication.java:1202) [spring-boot-2.1.6.RELEASE.jar:2.1.6.RELEASE]
	at top.khora.large_barrel_water.LargeBarrelWaterApplication.main(LargeBarrelWaterApplication.java:10) [classes/:?]
Caused by: java.sql.SQLSyntaxErrorException: You have an error in your SQL syntax; check the manual that corresponds to your MySQL server version for the right syntax to use near 'order (id bigint not null auto_increment, bind_phone_number varchar(255) not nul' at line 1
	at com.mysql.cj.jdbc.exceptions.SQLError.createSQLException(SQLError.java:120) ~[mysql-connector-java-8.0.16.jar:8.0.16]
	at com.mysql.cj.jdbc.exceptions.SQLError.createSQLException(SQLError.java:97) ~[mysql-connector-java-8.0.16.jar:8.0.16]
	at com.mysql.cj.jdbc.exceptions.SQLExceptionsMapping.translateException(SQLExceptionsMapping.java:122) ~[mysql-connector-java-8.0.16.jar:8.0.16]
	at com.mysql.cj.jdbc.StatementImpl.executeInternal(StatementImpl.java:782) ~[mysql-connector-java-8.0.16.jar:8.0.16]
	at com.mysql.cj.jdbc.StatementImpl.execute(StatementImpl.java:666) ~[mysql-connector-java-8.0.16.jar:8.0.16]
	at com.zaxxer.hikari.pool.ProxyStatement.execute(ProxyStatement.java:95) ~[HikariCP-3.2.0.jar:?]
	at com.zaxxer.hikari.pool.HikariProxyStatement.execute(HikariProxyStatement.java) ~[HikariCP-3.2.0.jar:?]
	at org.hibernate.tool.schema.internal.exec.GenerationTargetToDatabase.accept(GenerationTargetToDatabase.java:54) ~[hibernate-core-5.3.10.Final.jar:5.3.10.Final]
	... 34 more
2019-07-01 16:58:42,623 INFO  LocalContainerEntityManagerFactoryBean:415 -Initialized JPA EntityManagerFactory for persistence unit 'default'
2019-07-01 16:58:42,966 INFO  ThreadPoolTaskExecutor:171 -Initializing ExecutorService 'applicationTaskExecutor'
2019-07-01 16:58:42,993 WARN  JpaBaseConfiguration$JpaWebConfiguration$JpaWebMvcConfiguration:225 -spring.jpa.open-in-view is enabled by default. Therefore, database queries may be performed during view rendering. Explicitly configure spring.jpa.open-in-view to disable this warning
2019-07-01 16:58:43,074 WARN  ThymeleafAutoConfiguration$DefaultTemplateResolverConfiguration:105 -Cannot find template location: classpath:/templates/ (please add some templates or check your Thymeleaf configuration)
2019-07-01 16:58:43,215 INFO  Http11NioProtocol:173 -Starting ProtocolHandler ["http-nio-10010"]
2019-07-01 16:58:43,236 INFO  TomcatWebServer:202 -Tomcat started on port(s): 10010 (http) with context path ''
2019-07-01 16:58:43,238 INFO  LargeBarrelWaterApplication:59 -Started LargeBarrelWaterApplication in 2.913 seconds (JVM running for 4.924)
2019-07-01 17:00:26,153 INFO  LargeBarrelWaterApplication:50 -Starting LargeBarrelWaterApplication on DESKTOP-KJ6U2VS with PID 14840 (D:\javaDir\large_barrel_water\target\classes started by duoduo in D:\javaDir\large_barrel_water)
2019-07-01 17:00:26,157 INFO  LargeBarrelWaterApplication:650 -The following profiles are active: product
2019-07-01 17:00:26,581 INFO  RepositoryConfigurationDelegate:126 -Bootstrapping Spring Data repositories in DEFAULT mode.
2019-07-01 17:00:26,622 INFO  RepositoryConfigurationDelegate:182 -Finished Spring Data repository scanning in 35ms. Found 1 repository interfaces.
2019-07-01 17:00:26,839 INFO  PostProcessorRegistrationDelegate$BeanPostProcessorChecker:330 -Bean 'org.springframework.ws.config.annotation.DelegatingWsConfiguration' of type [org.springframework.ws.config.annotation.DelegatingWsConfiguration$$EnhancerBySpringCGLIB$$d173d133] is not eligible for getting processed by all BeanPostProcessors (for example: not eligible for auto-proxying)
2019-07-01 17:00:26,858 INFO  AnnotationActionEndpointMapping:236 -Supporting [WS-Addressing August 2004, WS-Addressing 1.0]
2019-07-01 17:00:26,881 INFO  PostProcessorRegistrationDelegate$BeanPostProcessorChecker:330 -Bean 'org.springframework.transaction.annotation.ProxyTransactionManagementConfiguration' of type [org.springframework.transaction.annotation.ProxyTransactionManagementConfiguration$$EnhancerBySpringCGLIB$$2cdc0c34] is not eligible for getting processed by all BeanPostProcessors (for example: not eligible for auto-proxying)
2019-07-01 17:00:27,045 INFO  TomcatWebServer:90 -Tomcat initialized with port(s): 10010 (http)
2019-07-01 17:00:27,055 INFO  Http11NioProtocol:173 -Initializing ProtocolHandler ["http-nio-10010"]
2019-07-01 17:00:27,061 INFO  StandardService:173 -Starting service [Tomcat]
2019-07-01 17:00:27,062 INFO  StandardEngine:173 -Starting Servlet engine: [Apache Tomcat/9.0.21]
2019-07-01 17:00:27,182 INFO  [/]:173 -Initializing Spring embedded WebApplicationContext
2019-07-01 17:00:27,182 INFO  ContextLoader:283 -Root WebApplicationContext: initialization completed in 997 ms
2019-07-01 17:00:27,277 INFO  HikariDataSource:110 -HikariPool-1 - Starting...
2019-07-01 17:00:27,353 INFO  HikariDataSource:123 -HikariPool-1 - Start completed.
2019-07-01 17:00:27,382 INFO  LogHelper:31 -HHH000204: Processing PersistenceUnitInfo [
	name: default
	...]
2019-07-01 17:00:27,419 INFO  Version:46 -HHH000412: Hibernate Core {5.3.10.Final}
2019-07-01 17:00:27,420 INFO  Environment:213 -HHH000206: hibernate.properties not found
2019-07-01 17:00:27,498 INFO  Version:49 -HCANN000001: Hibernate Commons Annotations {5.0.4.Final}
2019-07-01 17:00:27,612 INFO  Dialect:157 -HHH000400: Using dialect: org.hibernate.dialect.MySQL5Dialect
2019-07-01 17:00:27,974 WARN  ExceptionHandlerLoggedImpl:27 -GenerationTarget encountered exception accepting command : Error executing DDL "create table order (id bigint not null auto_increment, bind_phone_number varchar(255), create_time varchar(255), primary key (id)) engine=MyISAM" via JDBC Statement
org.hibernate.tool.schema.spi.CommandAcceptanceException: Error executing DDL "create table order (id bigint not null auto_increment, bind_phone_number varchar(255), create_time varchar(255), primary key (id)) engine=MyISAM" via JDBC Statement
	at org.hibernate.tool.schema.internal.exec.GenerationTargetToDatabase.accept(GenerationTargetToDatabase.java:67) ~[hibernate-core-5.3.10.Final.jar:5.3.10.Final]
	at org.hibernate.tool.schema.internal.AbstractSchemaMigrator.applySqlString(AbstractSchemaMigrator.java:559) ~[hibernate-core-5.3.10.Final.jar:5.3.10.Final]
	at org.hibernate.tool.schema.internal.AbstractSchemaMigrator.applySqlStrings(AbstractSchemaMigrator.java:504) ~[hibernate-core-5.3.10.Final.jar:5.3.10.Final]
	at org.hibernate.tool.schema.internal.AbstractSchemaMigrator.createTable(AbstractSchemaMigrator.java:277) ~[hibernate-core-5.3.10.Final.jar:5.3.10.Final]
	at org.hibernate.tool.schema.internal.GroupedSchemaMigratorImpl.performTablesMigration(GroupedSchemaMigratorImpl.java:71) ~[hibernate-core-5.3.10.Final.jar:5.3.10.Final]
	at org.hibernate.tool.schema.internal.AbstractSchemaMigrator.performMigration(AbstractSchemaMigrator.java:207) ~[hibernate-core-5.3.10.Final.jar:5.3.10.Final]
	at org.hibernate.tool.schema.internal.AbstractSchemaMigrator.doMigration(AbstractSchemaMigrator.java:114) ~[hibernate-core-5.3.10.Final.jar:5.3.10.Final]
	at org.hibernate.tool.schema.spi.SchemaManagementToolCoordinator.performDatabaseAction(SchemaManagementToolCoordinator.java:183) ~[hibernate-core-5.3.10.Final.jar:5.3.10.Final]
	at org.hibernate.tool.schema.spi.SchemaManagementToolCoordinator.process(SchemaManagementToolCoordinator.java:72) ~[hibernate-core-5.3.10.Final.jar:5.3.10.Final]
	at org.hibernate.internal.SessionFactoryImpl.<init>(SessionFactoryImpl.java:310) ~[hibernate-core-5.3.10.Final.jar:5.3.10.Final]
	at org.hibernate.boot.internal.SessionFactoryBuilderImpl.build(SessionFactoryBuilderImpl.java:467) ~[hibernate-core-5.3.10.Final.jar:5.3.10.Final]
	at org.hibernate.jpa.boot.internal.EntityManagerFactoryBuilderImpl.build(EntityManagerFactoryBuilderImpl.java:939) ~[hibernate-core-5.3.10.Final.jar:5.3.10.Final]
	at org.springframework.orm.jpa.vendor.SpringHibernateJpaPersistenceProvider.createContainerEntityManagerFactory(SpringHibernateJpaPersistenceProvider.java:57) ~[spring-orm-5.1.8.RELEASE.jar:5.1.8.RELEASE]
	at org.springframework.orm.jpa.LocalContainerEntityManagerFactoryBean.createNativeEntityManagerFactory(LocalContainerEntityManagerFactoryBean.java:365) ~[spring-orm-5.1.8.RELEASE.jar:5.1.8.RELEASE]
	at org.springframework.orm.jpa.AbstractEntityManagerFactoryBean.buildNativeEntityManagerFactory(AbstractEntityManagerFactoryBean.java:390) ~[spring-orm-5.1.8.RELEASE.jar:5.1.8.RELEASE]
	at org.springframework.orm.jpa.AbstractEntityManagerFactoryBean.afterPropertiesSet(AbstractEntityManagerFactoryBean.java:377) ~[spring-orm-5.1.8.RELEASE.jar:5.1.8.RELEASE]
	at org.springframework.orm.jpa.LocalContainerEntityManagerFactoryBean.afterPropertiesSet(LocalContainerEntityManagerFactoryBean.java:341) ~[spring-orm-5.1.8.RELEASE.jar:5.1.8.RELEASE]
	at org.springframework.beans.factory.support.AbstractAutowireCapableBeanFactory.invokeInitMethods(AbstractAutowireCapableBeanFactory.java:1837) ~[spring-beans-5.1.8.RELEASE.jar:5.1.8.RELEASE]
	at org.springframework.beans.factory.support.AbstractAutowireCapableBeanFactory.initializeBean(AbstractAutowireCapableBeanFactory.java:1774) ~[spring-beans-5.1.8.RELEASE.jar:5.1.8.RELEASE]
	at org.springframework.beans.factory.support.AbstractAutowireCapableBeanFactory.doCreateBean(AbstractAutowireCapableBeanFactory.java:593) ~[spring-beans-5.1.8.RELEASE.jar:5.1.8.RELEASE]
	at org.springframework.beans.factory.support.AbstractAutowireCapableBeanFactory.createBean(AbstractAutowireCapableBeanFactory.java:515) ~[spring-beans-5.1.8.RELEASE.jar:5.1.8.RELEASE]
	at org.springframework.beans.factory.support.AbstractBeanFactory.lambda$doGetBean$0(AbstractBeanFactory.java:320) ~[spring-beans-5.1.8.RELEASE.jar:5.1.8.RELEASE]
	at org.springframework.beans.factory.support.DefaultSingletonBeanRegistry.getSingleton(DefaultSingletonBeanRegistry.java:222) [spring-beans-5.1.8.RELEASE.jar:5.1.8.RELEASE]
	at org.springframework.beans.factory.support.AbstractBeanFactory.doGetBean(AbstractBeanFactory.java:318) [spring-beans-5.1.8.RELEASE.jar:5.1.8.RELEASE]
	at org.springframework.beans.factory.support.AbstractBeanFactory.getBean(AbstractBeanFactory.java:199) [spring-beans-5.1.8.RELEASE.jar:5.1.8.RELEASE]
	at org.springframework.context.support.AbstractApplicationContext.getBean(AbstractApplicationContext.java:1105) [spring-context-5.1.8.RELEASE.jar:5.1.8.RELEASE]
	at org.springframework.context.support.AbstractApplicationContext.finishBeanFactoryInitialization(AbstractApplicationContext.java:867) [spring-context-5.1.8.RELEASE.jar:5.1.8.RELEASE]
	at org.springframework.context.support.AbstractApplicationContext.refresh(AbstractApplicationContext.java:549) [spring-context-5.1.8.RELEASE.jar:5.1.8.RELEASE]
	at org.springframework.boot.web.servlet.context.ServletWebServerApplicationContext.refresh(ServletWebServerApplicationContext.java:140) [spring-boot-2.1.6.RELEASE.jar:2.1.6.RELEASE]
	at org.springframework.boot.SpringApplication.refresh(SpringApplication.java:742) [spring-boot-2.1.6.RELEASE.jar:2.1.6.RELEASE]
	at org.springframework.boot.SpringApplication.refreshContext(SpringApplication.java:389) [spring-boot-2.1.6.RELEASE.jar:2.1.6.RELEASE]
	at org.springframework.boot.SpringApplication.run(SpringApplication.java:311) [spring-boot-2.1.6.RELEASE.jar:2.1.6.RELEASE]
	at org.springframework.boot.SpringApplication.run(SpringApplication.java:1213) [spring-boot-2.1.6.RELEASE.jar:2.1.6.RELEASE]
	at org.springframework.boot.SpringApplication.run(SpringApplication.java:1202) [spring-boot-2.1.6.RELEASE.jar:2.1.6.RELEASE]
	at top.khora.large_barrel_water.LargeBarrelWaterApplication.main(LargeBarrelWaterApplication.java:10) [classes/:?]
Caused by: java.sql.SQLSyntaxErrorException: You have an error in your SQL syntax; check the manual that corresponds to your MySQL server version for the right syntax to use near 'order (id bigint not null auto_increment, bind_phone_number varchar(255), create' at line 1
	at com.mysql.cj.jdbc.exceptions.SQLError.createSQLException(SQLError.java:120) ~[mysql-connector-java-8.0.16.jar:8.0.16]
	at com.mysql.cj.jdbc.exceptions.SQLError.createSQLException(SQLError.java:97) ~[mysql-connector-java-8.0.16.jar:8.0.16]
	at com.mysql.cj.jdbc.exceptions.SQLExceptionsMapping.translateException(SQLExceptionsMapping.java:122) ~[mysql-connector-java-8.0.16.jar:8.0.16]
	at com.mysql.cj.jdbc.StatementImpl.executeInternal(StatementImpl.java:782) ~[mysql-connector-java-8.0.16.jar:8.0.16]
	at com.mysql.cj.jdbc.StatementImpl.execute(StatementImpl.java:666) ~[mysql-connector-java-8.0.16.jar:8.0.16]
	at com.zaxxer.hikari.pool.ProxyStatement.execute(ProxyStatement.java:95) ~[HikariCP-3.2.0.jar:?]
	at com.zaxxer.hikari.pool.HikariProxyStatement.execute(HikariProxyStatement.java) ~[HikariCP-3.2.0.jar:?]
	at org.hibernate.tool.schema.internal.exec.GenerationTargetToDatabase.accept(GenerationTargetToDatabase.java:54) ~[hibernate-core-5.3.10.Final.jar:5.3.10.Final]
	... 34 more
2019-07-01 17:00:27,981 INFO  LocalContainerEntityManagerFactoryBean:415 -Initialized JPA EntityManagerFactory for persistence unit 'default'
2019-07-01 17:00:28,265 INFO  ThreadPoolTaskExecutor:171 -Initializing ExecutorService 'applicationTaskExecutor'
2019-07-01 17:00:28,289 WARN  JpaBaseConfiguration$JpaWebConfiguration$JpaWebMvcConfiguration:225 -spring.jpa.open-in-view is enabled by default. Therefore, database queries may be performed during view rendering. Explicitly configure spring.jpa.open-in-view to disable this warning
2019-07-01 17:00:28,332 WARN  ThymeleafAutoConfiguration$DefaultTemplateResolverConfiguration:105 -Cannot find template location: classpath:/templates/ (please add some templates or check your Thymeleaf configuration)
2019-07-01 17:00:28,444 INFO  Http11NioProtocol:173 -Starting ProtocolHandler ["http-nio-10010"]
2019-07-01 17:00:28,461 INFO  TomcatWebServer:202 -Tomcat started on port(s): 10010 (http) with context path ''
2019-07-01 17:00:28,462 INFO  LargeBarrelWaterApplication:59 -Started LargeBarrelWaterApplication in 2.708 seconds (JVM running for 4.337)
2019-07-01 17:02:33,623 INFO  LargeBarrelWaterApplication:50 -Starting LargeBarrelWaterApplication on DESKTOP-KJ6U2VS with PID 28536 (D:\javaDir\large_barrel_water\target\classes started by duoduo in D:\javaDir\large_barrel_water)
2019-07-01 17:02:33,630 INFO  LargeBarrelWaterApplication:650 -The following profiles are active: product
2019-07-01 17:02:34,109 INFO  RepositoryConfigurationDelegate:126 -Bootstrapping Spring Data repositories in DEFAULT mode.
2019-07-01 17:02:34,164 INFO  RepositoryConfigurationDelegate:182 -Finished Spring Data repository scanning in 47ms. Found 2 repository interfaces.
2019-07-01 17:02:34,465 INFO  PostProcessorRegistrationDelegate$BeanPostProcessorChecker:330 -Bean 'org.springframework.ws.config.annotation.DelegatingWsConfiguration' of type [org.springframework.ws.config.annotation.DelegatingWsConfiguration$$EnhancerBySpringCGLIB$$1696c2b0] is not eligible for getting processed by all BeanPostProcessors (for example: not eligible for auto-proxying)
2019-07-01 17:02:34,491 INFO  AnnotationActionEndpointMapping:236 -Supporting [WS-Addressing August 2004, WS-Addressing 1.0]
2019-07-01 17:02:34,516 INFO  PostProcessorRegistrationDelegate$BeanPostProcessorChecker:330 -Bean 'org.springframework.transaction.annotation.ProxyTransactionManagementConfiguration' of type [org.springframework.transaction.annotation.ProxyTransactionManagementConfiguration$$EnhancerBySpringCGLIB$$71fefdb1] is not eligible for getting processed by all BeanPostProcessors (for example: not eligible for auto-proxying)
2019-07-01 17:02:34,740 INFO  TomcatWebServer:90 -Tomcat initialized with port(s): 10010 (http)
2019-07-01 17:02:34,753 INFO  Http11NioProtocol:173 -Initializing ProtocolHandler ["http-nio-10010"]
2019-07-01 17:02:34,759 INFO  StandardService:173 -Starting service [Tomcat]
2019-07-01 17:02:34,760 INFO  StandardEngine:173 -Starting Servlet engine: [Apache Tomcat/9.0.21]
2019-07-01 17:02:34,880 INFO  [/]:173 -Initializing Spring embedded WebApplicationContext
2019-07-01 17:02:34,880 INFO  ContextLoader:283 -Root WebApplicationContext: initialization completed in 1215 ms
2019-07-01 17:02:34,985 INFO  HikariDataSource:110 -HikariPool-1 - Starting...
2019-07-01 17:02:35,068 INFO  HikariDataSource:123 -HikariPool-1 - Start completed.
2019-07-01 17:02:35,099 INFO  LogHelper:31 -HHH000204: Processing PersistenceUnitInfo [
	name: default
	...]
2019-07-01 17:02:35,143 INFO  Version:46 -HHH000412: Hibernate Core {5.3.10.Final}
2019-07-01 17:02:35,144 INFO  Environment:213 -HHH000206: hibernate.properties not found
2019-07-01 17:02:35,251 INFO  Version:49 -HCANN000001: Hibernate Commons Annotations {5.0.4.Final}
2019-07-01 17:02:35,390 INFO  Dialect:157 -HHH000400: Using dialect: org.hibernate.dialect.MySQL5Dialect
2019-07-01 17:02:35,818 WARN  ExceptionHandlerLoggedImpl:27 -GenerationTarget encountered exception accepting command : Error executing DDL "create table order (id bigint not null auto_increment, bind_phone_number varchar(255), create_time varchar(255), primary key (id)) engine=MyISAM" via JDBC Statement
org.hibernate.tool.schema.spi.CommandAcceptanceException: Error executing DDL "create table order (id bigint not null auto_increment, bind_phone_number varchar(255), create_time varchar(255), primary key (id)) engine=MyISAM" via JDBC Statement
	at org.hibernate.tool.schema.internal.exec.GenerationTargetToDatabase.accept(GenerationTargetToDatabase.java:67) ~[hibernate-core-5.3.10.Final.jar:5.3.10.Final]
	at org.hibernate.tool.schema.internal.AbstractSchemaMigrator.applySqlString(AbstractSchemaMigrator.java:559) ~[hibernate-core-5.3.10.Final.jar:5.3.10.Final]
	at org.hibernate.tool.schema.internal.AbstractSchemaMigrator.applySqlStrings(AbstractSchemaMigrator.java:504) ~[hibernate-core-5.3.10.Final.jar:5.3.10.Final]
	at org.hibernate.tool.schema.internal.AbstractSchemaMigrator.createTable(AbstractSchemaMigrator.java:277) ~[hibernate-core-5.3.10.Final.jar:5.3.10.Final]
	at org.hibernate.tool.schema.internal.GroupedSchemaMigratorImpl.performTablesMigration(GroupedSchemaMigratorImpl.java:71) ~[hibernate-core-5.3.10.Final.jar:5.3.10.Final]
	at org.hibernate.tool.schema.internal.AbstractSchemaMigrator.performMigration(AbstractSchemaMigrator.java:207) ~[hibernate-core-5.3.10.Final.jar:5.3.10.Final]
	at org.hibernate.tool.schema.internal.AbstractSchemaMigrator.doMigration(AbstractSchemaMigrator.java:114) ~[hibernate-core-5.3.10.Final.jar:5.3.10.Final]
	at org.hibernate.tool.schema.spi.SchemaManagementToolCoordinator.performDatabaseAction(SchemaManagementToolCoordinator.java:183) ~[hibernate-core-5.3.10.Final.jar:5.3.10.Final]
	at org.hibernate.tool.schema.spi.SchemaManagementToolCoordinator.process(SchemaManagementToolCoordinator.java:72) ~[hibernate-core-5.3.10.Final.jar:5.3.10.Final]
	at org.hibernate.internal.SessionFactoryImpl.<init>(SessionFactoryImpl.java:310) ~[hibernate-core-5.3.10.Final.jar:5.3.10.Final]
	at org.hibernate.boot.internal.SessionFactoryBuilderImpl.build(SessionFactoryBuilderImpl.java:467) ~[hibernate-core-5.3.10.Final.jar:5.3.10.Final]
	at org.hibernate.jpa.boot.internal.EntityManagerFactoryBuilderImpl.build(EntityManagerFactoryBuilderImpl.java:939) ~[hibernate-core-5.3.10.Final.jar:5.3.10.Final]
	at org.springframework.orm.jpa.vendor.SpringHibernateJpaPersistenceProvider.createContainerEntityManagerFactory(SpringHibernateJpaPersistenceProvider.java:57) ~[spring-orm-5.1.8.RELEASE.jar:5.1.8.RELEASE]
	at org.springframework.orm.jpa.LocalContainerEntityManagerFactoryBean.createNativeEntityManagerFactory(LocalContainerEntityManagerFactoryBean.java:365) ~[spring-orm-5.1.8.RELEASE.jar:5.1.8.RELEASE]
	at org.springframework.orm.jpa.AbstractEntityManagerFactoryBean.buildNativeEntityManagerFactory(AbstractEntityManagerFactoryBean.java:390) ~[spring-orm-5.1.8.RELEASE.jar:5.1.8.RELEASE]
	at org.springframework.orm.jpa.AbstractEntityManagerFactoryBean.afterPropertiesSet(AbstractEntityManagerFactoryBean.java:377) ~[spring-orm-5.1.8.RELEASE.jar:5.1.8.RELEASE]
	at org.springframework.orm.jpa.LocalContainerEntityManagerFactoryBean.afterPropertiesSet(LocalContainerEntityManagerFactoryBean.java:341) ~[spring-orm-5.1.8.RELEASE.jar:5.1.8.RELEASE]
	at org.springframework.beans.factory.support.AbstractAutowireCapableBeanFactory.invokeInitMethods(AbstractAutowireCapableBeanFactory.java:1837) ~[spring-beans-5.1.8.RELEASE.jar:5.1.8.RELEASE]
	at org.springframework.beans.factory.support.AbstractAutowireCapableBeanFactory.initializeBean(AbstractAutowireCapableBeanFactory.java:1774) ~[spring-beans-5.1.8.RELEASE.jar:5.1.8.RELEASE]
	at org.springframework.beans.factory.support.AbstractAutowireCapableBeanFactory.doCreateBean(AbstractAutowireCapableBeanFactory.java:593) ~[spring-beans-5.1.8.RELEASE.jar:5.1.8.RELEASE]
	at org.springframework.beans.factory.support.AbstractAutowireCapableBeanFactory.createBean(AbstractAutowireCapableBeanFactory.java:515) ~[spring-beans-5.1.8.RELEASE.jar:5.1.8.RELEASE]
	at org.springframework.beans.factory.support.AbstractBeanFactory.lambda$doGetBean$0(AbstractBeanFactory.java:320) ~[spring-beans-5.1.8.RELEASE.jar:5.1.8.RELEASE]
	at org.springframework.beans.factory.support.DefaultSingletonBeanRegistry.getSingleton(DefaultSingletonBeanRegistry.java:222) [spring-beans-5.1.8.RELEASE.jar:5.1.8.RELEASE]
	at org.springframework.beans.factory.support.AbstractBeanFactory.doGetBean(AbstractBeanFactory.java:318) [spring-beans-5.1.8.RELEASE.jar:5.1.8.RELEASE]
	at org.springframework.beans.factory.support.AbstractBeanFactory.getBean(AbstractBeanFactory.java:199) [spring-beans-5.1.8.RELEASE.jar:5.1.8.RELEASE]
	at org.springframework.context.support.AbstractApplicationContext.getBean(AbstractApplicationContext.java:1105) [spring-context-5.1.8.RELEASE.jar:5.1.8.RELEASE]
	at org.springframework.context.support.AbstractApplicationContext.finishBeanFactoryInitialization(AbstractApplicationContext.java:867) [spring-context-5.1.8.RELEASE.jar:5.1.8.RELEASE]
	at org.springframework.context.support.AbstractApplicationContext.refresh(AbstractApplicationContext.java:549) [spring-context-5.1.8.RELEASE.jar:5.1.8.RELEASE]
	at org.springframework.boot.web.servlet.context.ServletWebServerApplicationContext.refresh(ServletWebServerApplicationContext.java:140) [spring-boot-2.1.6.RELEASE.jar:2.1.6.RELEASE]
	at org.springframework.boot.SpringApplication.refresh(SpringApplication.java:742) [spring-boot-2.1.6.RELEASE.jar:2.1.6.RELEASE]
	at org.springframework.boot.SpringApplication.refreshContext(SpringApplication.java:389) [spring-boot-2.1.6.RELEASE.jar:2.1.6.RELEASE]
	at org.springframework.boot.SpringApplication.run(SpringApplication.java:311) [spring-boot-2.1.6.RELEASE.jar:2.1.6.RELEASE]
	at org.springframework.boot.SpringApplication.run(SpringApplication.java:1213) [spring-boot-2.1.6.RELEASE.jar:2.1.6.RELEASE]
	at org.springframework.boot.SpringApplication.run(SpringApplication.java:1202) [spring-boot-2.1.6.RELEASE.jar:2.1.6.RELEASE]
	at top.khora.large_barrel_water.LargeBarrelWaterApplication.main(LargeBarrelWaterApplication.java:10) [classes/:?]
Caused by: java.sql.SQLSyntaxErrorException: You have an error in your SQL syntax; check the manual that corresponds to your MySQL server version for the right syntax to use near 'order (id bigint not null auto_increment, bind_phone_number varchar(255), create' at line 1
	at com.mysql.cj.jdbc.exceptions.SQLError.createSQLException(SQLError.java:120) ~[mysql-connector-java-8.0.16.jar:8.0.16]
	at com.mysql.cj.jdbc.exceptions.SQLError.createSQLException(SQLError.java:97) ~[mysql-connector-java-8.0.16.jar:8.0.16]
	at com.mysql.cj.jdbc.exceptions.SQLExceptionsMapping.translateException(SQLExceptionsMapping.java:122) ~[mysql-connector-java-8.0.16.jar:8.0.16]
	at com.mysql.cj.jdbc.StatementImpl.executeInternal(StatementImpl.java:782) ~[mysql-connector-java-8.0.16.jar:8.0.16]
	at com.mysql.cj.jdbc.StatementImpl.execute(StatementImpl.java:666) ~[mysql-connector-java-8.0.16.jar:8.0.16]
	at com.zaxxer.hikari.pool.ProxyStatement.execute(ProxyStatement.java:95) ~[HikariCP-3.2.0.jar:?]
	at com.zaxxer.hikari.pool.HikariProxyStatement.execute(HikariProxyStatement.java) ~[HikariCP-3.2.0.jar:?]
	at org.hibernate.tool.schema.internal.exec.GenerationTargetToDatabase.accept(GenerationTargetToDatabase.java:54) ~[hibernate-core-5.3.10.Final.jar:5.3.10.Final]
	... 34 more
2019-07-01 17:02:35,826 INFO  LocalContainerEntityManagerFactoryBean:415 -Initialized JPA EntityManagerFactory for persistence unit 'default'
2019-07-01 17:02:36,213 INFO  ThreadPoolTaskExecutor:171 -Initializing ExecutorService 'applicationTaskExecutor'
2019-07-01 17:02:36,235 WARN  JpaBaseConfiguration$JpaWebConfiguration$JpaWebMvcConfiguration:225 -spring.jpa.open-in-view is enabled by default. Therefore, database queries may be performed during view rendering. Explicitly configure spring.jpa.open-in-view to disable this warning
2019-07-01 17:02:36,297 WARN  ThymeleafAutoConfiguration$DefaultTemplateResolverConfiguration:105 -Cannot find template location: classpath:/templates/ (please add some templates or check your Thymeleaf configuration)
2019-07-01 17:02:36,393 INFO  Http11NioProtocol:173 -Starting ProtocolHandler ["http-nio-10010"]
2019-07-01 17:02:36,409 INFO  TomcatWebServer:202 -Tomcat started on port(s): 10010 (http) with context path ''
2019-07-01 17:02:36,411 INFO  LargeBarrelWaterApplication:59 -Started LargeBarrelWaterApplication in 3.279 seconds (JVM running for 4.83)
2019-07-01 17:03:08,164 INFO  LargeBarrelWaterApplication:50 -Starting LargeBarrelWaterApplication on DESKTOP-KJ6U2VS with PID 33764 (D:\javaDir\large_barrel_water\target\classes started by duoduo in D:\javaDir\large_barrel_water)
2019-07-01 17:03:08,168 INFO  LargeBarrelWaterApplication:650 -The following profiles are active: product
2019-07-01 17:03:08,590 INFO  RepositoryConfigurationDelegate:126 -Bootstrapping Spring Data repositories in DEFAULT mode.
2019-07-01 17:03:08,634 INFO  RepositoryConfigurationDelegate:182 -Finished Spring Data repository scanning in 40ms. Found 2 repository interfaces.
2019-07-01 17:03:08,844 INFO  PostProcessorRegistrationDelegate$BeanPostProcessorChecker:330 -Bean 'org.springframework.ws.config.annotation.DelegatingWsConfiguration' of type [org.springframework.ws.config.annotation.DelegatingWsConfiguration$$EnhancerBySpringCGLIB$$a7cb4601] is not eligible for getting processed by all BeanPostProcessors (for example: not eligible for auto-proxying)
2019-07-01 17:03:08,865 INFO  AnnotationActionEndpointMapping:236 -Supporting [WS-Addressing August 2004, WS-Addressing 1.0]
2019-07-01 17:03:08,881 INFO  PostProcessorRegistrationDelegate$BeanPostProcessorChecker:330 -Bean 'org.springframework.transaction.annotation.ProxyTransactionManagementConfiguration' of type [org.springframework.transaction.annotation.ProxyTransactionManagementConfiguration$$EnhancerBySpringCGLIB$$3338102] is not eligible for getting processed by all BeanPostProcessors (for example: not eligible for auto-proxying)
2019-07-01 17:03:09,044 INFO  TomcatWebServer:90 -Tomcat initialized with port(s): 10010 (http)
2019-07-01 17:03:09,054 INFO  Http11NioProtocol:173 -Initializing ProtocolHandler ["http-nio-10010"]
2019-07-01 17:03:09,062 INFO  StandardService:173 -Starting service [Tomcat]
2019-07-01 17:03:09,063 INFO  StandardEngine:173 -Starting Servlet engine: [Apache Tomcat/9.0.21]
2019-07-01 17:03:09,185 INFO  [/]:173 -Initializing Spring embedded WebApplicationContext
2019-07-01 17:03:09,185 INFO  ContextLoader:283 -Root WebApplicationContext: initialization completed in 988 ms
2019-07-01 17:03:09,285 INFO  HikariDataSource:110 -HikariPool-1 - Starting...
2019-07-01 17:03:09,365 INFO  HikariDataSource:123 -HikariPool-1 - Start completed.
2019-07-01 17:03:09,396 INFO  LogHelper:31 -HHH000204: Processing PersistenceUnitInfo [
	name: default
	...]
2019-07-01 17:03:09,434 INFO  Version:46 -HHH000412: Hibernate Core {5.3.10.Final}
2019-07-01 17:03:09,435 INFO  Environment:213 -HHH000206: hibernate.properties not found
2019-07-01 17:03:09,518 INFO  Version:49 -HCANN000001: Hibernate Commons Annotations {5.0.4.Final}
2019-07-01 17:03:09,641 INFO  Dialect:157 -HHH000400: Using dialect: org.hibernate.dialect.MySQL5Dialect
2019-07-01 17:03:10,029 WARN  ExceptionHandlerLoggedImpl:27 -GenerationTarget encountered exception accepting command : Error executing DDL "create table order (id bigint not null auto_increment, bind_phone_number varchar(255), create_time varchar(255), primary key (id)) engine=MyISAM" via JDBC Statement
org.hibernate.tool.schema.spi.CommandAcceptanceException: Error executing DDL "create table order (id bigint not null auto_increment, bind_phone_number varchar(255), create_time varchar(255), primary key (id)) engine=MyISAM" via JDBC Statement
	at org.hibernate.tool.schema.internal.exec.GenerationTargetToDatabase.accept(GenerationTargetToDatabase.java:67) ~[hibernate-core-5.3.10.Final.jar:5.3.10.Final]
	at org.hibernate.tool.schema.internal.AbstractSchemaMigrator.applySqlString(AbstractSchemaMigrator.java:559) ~[hibernate-core-5.3.10.Final.jar:5.3.10.Final]
	at org.hibernate.tool.schema.internal.AbstractSchemaMigrator.applySqlStrings(AbstractSchemaMigrator.java:504) ~[hibernate-core-5.3.10.Final.jar:5.3.10.Final]
	at org.hibernate.tool.schema.internal.AbstractSchemaMigrator.createTable(AbstractSchemaMigrator.java:277) ~[hibernate-core-5.3.10.Final.jar:5.3.10.Final]
	at org.hibernate.tool.schema.internal.GroupedSchemaMigratorImpl.performTablesMigration(GroupedSchemaMigratorImpl.java:71) ~[hibernate-core-5.3.10.Final.jar:5.3.10.Final]
	at org.hibernate.tool.schema.internal.AbstractSchemaMigrator.performMigration(AbstractSchemaMigrator.java:207) ~[hibernate-core-5.3.10.Final.jar:5.3.10.Final]
	at org.hibernate.tool.schema.internal.AbstractSchemaMigrator.doMigration(AbstractSchemaMigrator.java:114) ~[hibernate-core-5.3.10.Final.jar:5.3.10.Final]
	at org.hibernate.tool.schema.spi.SchemaManagementToolCoordinator.performDatabaseAction(SchemaManagementToolCoordinator.java:183) ~[hibernate-core-5.3.10.Final.jar:5.3.10.Final]
	at org.hibernate.tool.schema.spi.SchemaManagementToolCoordinator.process(SchemaManagementToolCoordinator.java:72) ~[hibernate-core-5.3.10.Final.jar:5.3.10.Final]
	at org.hibernate.internal.SessionFactoryImpl.<init>(SessionFactoryImpl.java:310) ~[hibernate-core-5.3.10.Final.jar:5.3.10.Final]
	at org.hibernate.boot.internal.SessionFactoryBuilderImpl.build(SessionFactoryBuilderImpl.java:467) ~[hibernate-core-5.3.10.Final.jar:5.3.10.Final]
	at org.hibernate.jpa.boot.internal.EntityManagerFactoryBuilderImpl.build(EntityManagerFactoryBuilderImpl.java:939) ~[hibernate-core-5.3.10.Final.jar:5.3.10.Final]
	at org.springframework.orm.jpa.vendor.SpringHibernateJpaPersistenceProvider.createContainerEntityManagerFactory(SpringHibernateJpaPersistenceProvider.java:57) ~[spring-orm-5.1.8.RELEASE.jar:5.1.8.RELEASE]
	at org.springframework.orm.jpa.LocalContainerEntityManagerFactoryBean.createNativeEntityManagerFactory(LocalContainerEntityManagerFactoryBean.java:365) ~[spring-orm-5.1.8.RELEASE.jar:5.1.8.RELEASE]
	at org.springframework.orm.jpa.AbstractEntityManagerFactoryBean.buildNativeEntityManagerFactory(AbstractEntityManagerFactoryBean.java:390) ~[spring-orm-5.1.8.RELEASE.jar:5.1.8.RELEASE]
	at org.springframework.orm.jpa.AbstractEntityManagerFactoryBean.afterPropertiesSet(AbstractEntityManagerFactoryBean.java:377) ~[spring-orm-5.1.8.RELEASE.jar:5.1.8.RELEASE]
	at org.springframework.orm.jpa.LocalContainerEntityManagerFactoryBean.afterPropertiesSet(LocalContainerEntityManagerFactoryBean.java:341) ~[spring-orm-5.1.8.RELEASE.jar:5.1.8.RELEASE]
	at org.springframework.beans.factory.support.AbstractAutowireCapableBeanFactory.invokeInitMethods(AbstractAutowireCapableBeanFactory.java:1837) ~[spring-beans-5.1.8.RELEASE.jar:5.1.8.RELEASE]
	at org.springframework.beans.factory.support.AbstractAutowireCapableBeanFactory.initializeBean(AbstractAutowireCapableBeanFactory.java:1774) ~[spring-beans-5.1.8.RELEASE.jar:5.1.8.RELEASE]
	at org.springframework.beans.factory.support.AbstractAutowireCapableBeanFactory.doCreateBean(AbstractAutowireCapableBeanFactory.java:593) ~[spring-beans-5.1.8.RELEASE.jar:5.1.8.RELEASE]
	at org.springframework.beans.factory.support.AbstractAutowireCapableBeanFactory.createBean(AbstractAutowireCapableBeanFactory.java:515) ~[spring-beans-5.1.8.RELEASE.jar:5.1.8.RELEASE]
	at org.springframework.beans.factory.support.AbstractBeanFactory.lambda$doGetBean$0(AbstractBeanFactory.java:320) ~[spring-beans-5.1.8.RELEASE.jar:5.1.8.RELEASE]
	at org.springframework.beans.factory.support.DefaultSingletonBeanRegistry.getSingleton(DefaultSingletonBeanRegistry.java:222) [spring-beans-5.1.8.RELEASE.jar:5.1.8.RELEASE]
	at org.springframework.beans.factory.support.AbstractBeanFactory.doGetBean(AbstractBeanFactory.java:318) [spring-beans-5.1.8.RELEASE.jar:5.1.8.RELEASE]
	at org.springframework.beans.factory.support.AbstractBeanFactory.getBean(AbstractBeanFactory.java:199) [spring-beans-5.1.8.RELEASE.jar:5.1.8.RELEASE]
	at org.springframework.context.support.AbstractApplicationContext.getBean(AbstractApplicationContext.java:1105) [spring-context-5.1.8.RELEASE.jar:5.1.8.RELEASE]
	at org.springframework.context.support.AbstractApplicationContext.finishBeanFactoryInitialization(AbstractApplicationContext.java:867) [spring-context-5.1.8.RELEASE.jar:5.1.8.RELEASE]
	at org.springframework.context.support.AbstractApplicationContext.refresh(AbstractApplicationContext.java:549) [spring-context-5.1.8.RELEASE.jar:5.1.8.RELEASE]
	at org.springframework.boot.web.servlet.context.ServletWebServerApplicationContext.refresh(ServletWebServerApplicationContext.java:140) [spring-boot-2.1.6.RELEASE.jar:2.1.6.RELEASE]
	at org.springframework.boot.SpringApplication.refresh(SpringApplication.java:742) [spring-boot-2.1.6.RELEASE.jar:2.1.6.RELEASE]
	at org.springframework.boot.SpringApplication.refreshContext(SpringApplication.java:389) [spring-boot-2.1.6.RELEASE.jar:2.1.6.RELEASE]
	at org.springframework.boot.SpringApplication.run(SpringApplication.java:311) [spring-boot-2.1.6.RELEASE.jar:2.1.6.RELEASE]
	at org.springframework.boot.SpringApplication.run(SpringApplication.java:1213) [spring-boot-2.1.6.RELEASE.jar:2.1.6.RELEASE]
	at org.springframework.boot.SpringApplication.run(SpringApplication.java:1202) [spring-boot-2.1.6.RELEASE.jar:2.1.6.RELEASE]
	at top.khora.large_barrel_water.LargeBarrelWaterApplication.main(LargeBarrelWaterApplication.java:10) [classes/:?]
Caused by: java.sql.SQLSyntaxErrorException: You have an error in your SQL syntax; check the manual that corresponds to your MySQL server version for the right syntax to use near 'order (id bigint not null auto_increment, bind_phone_number varchar(255), create' at line 1
	at com.mysql.cj.jdbc.exceptions.SQLError.createSQLException(SQLError.java:120) ~[mysql-connector-java-8.0.16.jar:8.0.16]
	at com.mysql.cj.jdbc.exceptions.SQLError.createSQLException(SQLError.java:97) ~[mysql-connector-java-8.0.16.jar:8.0.16]
	at com.mysql.cj.jdbc.exceptions.SQLExceptionsMapping.translateException(SQLExceptionsMapping.java:122) ~[mysql-connector-java-8.0.16.jar:8.0.16]
	at com.mysql.cj.jdbc.StatementImpl.executeInternal(StatementImpl.java:782) ~[mysql-connector-java-8.0.16.jar:8.0.16]
	at com.mysql.cj.jdbc.StatementImpl.execute(StatementImpl.java:666) ~[mysql-connector-java-8.0.16.jar:8.0.16]
	at com.zaxxer.hikari.pool.ProxyStatement.execute(ProxyStatement.java:95) ~[HikariCP-3.2.0.jar:?]
	at com.zaxxer.hikari.pool.HikariProxyStatement.execute(HikariProxyStatement.java) ~[HikariCP-3.2.0.jar:?]
	at org.hibernate.tool.schema.internal.exec.GenerationTargetToDatabase.accept(GenerationTargetToDatabase.java:54) ~[hibernate-core-5.3.10.Final.jar:5.3.10.Final]
	... 34 more
2019-07-01 17:03:10,036 INFO  LocalContainerEntityManagerFactoryBean:415 -Initialized JPA EntityManagerFactory for persistence unit 'default'
2019-07-01 17:03:10,341 INFO  ThreadPoolTaskExecutor:171 -Initializing ExecutorService 'applicationTaskExecutor'
2019-07-01 17:03:10,363 WARN  JpaBaseConfiguration$JpaWebConfiguration$JpaWebMvcConfiguration:225 -spring.jpa.open-in-view is enabled by default. Therefore, database queries may be performed during view rendering. Explicitly configure spring.jpa.open-in-view to disable this warning
2019-07-01 17:03:10,433 WARN  ThymeleafAutoConfiguration$DefaultTemplateResolverConfiguration:105 -Cannot find template location: classpath:/templates/ (please add some templates or check your Thymeleaf configuration)
2019-07-01 17:03:10,534 INFO  Http11NioProtocol:173 -Starting ProtocolHandler ["http-nio-10010"]
2019-07-01 17:03:10,552 INFO  TomcatWebServer:202 -Tomcat started on port(s): 10010 (http) with context path ''
2019-07-01 17:03:10,554 INFO  LargeBarrelWaterApplication:59 -Started LargeBarrelWaterApplication in 2.745 seconds (JVM running for 4.422)
